6/1/2025, 3:40:34 AM GMT+9 0: 

----------------------------------------------
6/1/2025, 3:40:34 AM GMT+9 1: Discord starting: {"releaseChannel":"stable","version":"0.0.95"}, modulepath: /home/junho/.config/discord/0.0.95/modules
6/1/2025, 3:40:34 AM GMT+9 2: ✅ webContents.created web1 ""
6/1/2025, 3:40:34 AM GMT+9 3: ✅ window.created win1 "discord"
6/1/2025, 3:40:34 AM GMT+9 4: ✅ webContents.did-finish-load web1
6/1/2025, 3:40:46 AM GMT+9 5: ✅ webContents.created web2 ""
6/1/2025, 3:40:46 AM GMT+9 6: ✅ window.created win2 "Discord"
6/1/2025, 3:40:47 AM GMT+9 7: ✅ webContents.did-finish-load web2
6/1/2025, 3:40:48 AM GMT+9 8: window.close win1
6/1/2025, 3:40:48 AM GMT+9 9: webContents.destroyed web1
6/1/2025, 3:40:48 AM GMT+9 10: window.closed win1
6/1/2025, 3:42:21 AM GMT+9 11: window.close win2
6/1/2025, 6:32:16 PM GMT+9 0: 

----------------------------------------------
6/1/2025, 6:32:16 PM GMT+9 1: Discord starting: {"releaseChannel":"stable","version":"0.0.95"}, modulepath: /home/junho/.config/discord/0.0.95/modules
6/1/2025, 6:32:16 PM GMT+9 2: ✅ webContents.created web1 ""
6/1/2025, 6:32:16 PM GMT+9 3: ✅ window.created win1 "discord"
6/1/2025, 6:32:16 PM GMT+9 4: ✅ webContents.did-finish-load web1
6/1/2025, 6:32:17 PM GMT+9 5: ✅ webContents.created web2 ""
6/1/2025, 6:32:17 PM GMT+9 6: ✅ window.created win2 "Discord"
6/1/2025, 6:32:18 PM GMT+9 7: ✅ webContents.did-finish-load web2
6/1/2025, 6:32:18 PM GMT+9 8: window.close win1
6/1/2025, 6:32:18 PM GMT+9 9: webContents.destroyed web1
6/1/2025, 6:32:18 PM GMT+9 10: window.closed win1
6/1/2025, 6:39:03 PM GMT+9 11: window.close win2
