2025-06-01 10:11:21 Loading main app package /usr/lib/obsidian/obsidian.asar
2025-06-01 10:11:21 Checking for update using Github
2025-06-01 10:11:22 Success.
2025-06-01 10:11:22 Latest version is 1.8.10
2025-06-01 10:11:22 App is up to date.
2025-06-01 11:11:21 Checking for update using Github
2025-06-01 11:11:21 Success.
2025-06-01 11:11:21 Latest version is 1.8.10
2025-06-01 11:11:21 App is up to date.
2025-06-01 12:11:21 Checking for update using Github
2025-06-01 12:11:21 Success.
2025-06-01 12:11:21 Latest version is 1.8.10
2025-06-01 12:11:21 App is up to date.
2025-06-01 13:11:21 Checking for update using Github
2025-06-01 13:11:26 Success.
2025-06-01 13:11:26 Latest version is 1.8.10
2025-06-01 13:11:26 App is up to date.
2025-06-01 14:11:21 Checking for update using Github
2025-06-01 14:11:22 Success.
2025-06-01 14:11:22 Latest version is 1.8.10
2025-06-01 14:11:22 App is up to date.
2025-06-02 05:34:36 Loading main app package /usr/lib/obsidian/obsidian.asar
2025-06-02 05:34:36 Checking for update using Github
2025-06-02 05:34:36 Failed to check for update using Github (net::ERR_INTERNET_DISCONNECTED)
2025-06-02 05:34:36 Checking for update using obsidian.md
2025-06-02 05:34:36 Failed to check for update using obsidian.md (net::ERR_INTERNET_DISCONNECTED)
2025-06-02 06:38:23 Checking for update using Github
2025-06-02 06:38:23 Success.
2025-06-02 06:38:23 Latest version is 1.8.10
2025-06-02 06:38:23 App is up to date.
2025-06-02 07:38:23 Checking for update using Github
2025-06-02 07:38:23 Success.
2025-06-02 07:38:23 Latest version is 1.8.10
2025-06-02 07:38:23 App is up to date.
2025-06-02 08:38:23 Checking for update using Github
2025-06-02 08:38:23 Success.
2025-06-02 08:38:23 Latest version is 1.8.10
2025-06-02 08:38:23 App is up to date.
2025-06-02 11:42:27 Loading main app package /usr/lib/obsidian/obsidian.asar
2025-06-02 11:42:27 Checking for update using Github
2025-06-02 11:42:28 Success.
2025-06-02 11:42:28 Latest version is 1.8.10
2025-06-02 11:42:28 App is up to date.
2025-06-02 11:46:27 Loading main app package /usr/lib/obsidian/obsidian.asar
2025-06-02 11:46:27 Checking for update using Github
2025-06-02 11:46:27 Success.
2025-06-02 11:46:27 Latest version is 1.8.10
2025-06-02 11:46:27 App is up to date.
2025-06-02 12:48:08 Loading main app package /usr/lib/obsidian/obsidian.asar
2025-06-02 12:48:09 Checking for update using Github
2025-06-02 12:48:09 Success.
2025-06-02 12:48:09 Latest version is 1.8.10
2025-06-02 12:48:09 App is up to date.
2025-06-02 13:48:08 Checking for update using Github
2025-06-02 13:48:09 Success.
2025-06-02 13:48:09 Latest version is 1.8.10
2025-06-02 13:48:09 App is up to date.
2025-06-02 14:32:14 Loading main app package /usr/lib/obsidian/obsidian.asar
2025-06-02 14:32:15 Checking for update using Github
2025-06-02 14:32:15 Success.
2025-06-02 14:32:15 Latest version is 1.8.10
2025-06-02 14:32:15 App is up to date.
2025-06-02 15:32:14 Checking for update using Github
2025-06-02 15:32:14 Success.
2025-06-02 15:32:14 Latest version is 1.8.10
2025-06-02 15:32:14 App is up to date.
2025-06-02 16:32:14 Checking for update using Github
2025-06-02 16:32:14 Success.
2025-06-02 16:32:14 Latest version is 1.8.10
2025-06-02 16:32:14 App is up to date.
2025-06-02 17:32:14 Checking for update using Github
2025-06-02 17:32:14 Success.
2025-06-02 17:32:14 Latest version is 1.8.10
2025-06-02 17:32:14 App is up to date.
2025-06-02 18:32:14 Checking for update using Github
2025-06-02 18:32:14 Success.
2025-06-02 18:32:14 Latest version is 1.8.10
2025-06-02 18:32:14 App is up to date.
2025-06-03 05:27:27 Loading main app package /usr/lib/obsidian/obsidian.asar
2025-06-03 05:27:27 Checking for update using Github
2025-06-03 05:27:28 Success.
2025-06-03 05:27:28 Latest version is 1.8.10
2025-06-03 05:27:28 App is up to date.
2025-06-03 10:03:27 Loading main app package /usr/lib/obsidian/obsidian.asar
2025-06-03 10:03:27 Checking for update using Github
2025-06-03 10:03:27 Success.
2025-06-03 10:03:27 Latest version is 1.8.10
2025-06-03 10:03:27 App is up to date.
2025-06-03 10:19:25 Loading main app package /usr/lib/obsidian/obsidian.asar
2025-06-03 10:19:25 Checking for update using Github
2025-06-03 10:19:25 Success.
2025-06-03 10:19:25 Latest version is 1.8.10
2025-06-03 10:19:25 App is up to date.
2025-06-03 11:19:25 Checking for update using Github
2025-06-03 11:19:25 Success.
2025-06-03 11:19:25 Latest version is 1.8.10
2025-06-03 11:19:25 App is up to date.
2025-06-03 12:19:25 Checking for update using Github
2025-06-03 12:19:30 Success.
2025-06-03 12:19:30 Latest version is 1.8.10
2025-06-03 12:19:30 App is up to date.
2025-06-04 23:48:44 Loading main app package /usr/lib/obsidian/obsidian.asar
2025-06-04 23:48:44 Checking for update using Github
2025-06-04 23:48:44 Success.
2025-06-04 23:48:44 Latest version is 1.8.10
2025-06-04 23:48:44 App is up to date.
2025-06-05 01:26:43 Loading main app package /usr/lib/obsidian/obsidian.asar
2025-06-05 01:26:44 Checking for update using Github
2025-06-05 01:26:44 Success.
2025-06-05 01:26:44 Latest version is 1.8.10
2025-06-05 01:26:44 App is up to date.
2025-06-05 02:26:43 Checking for update using Github
2025-06-05 02:26:43 Success.
2025-06-05 02:26:43 Latest version is 1.8.10
2025-06-05 02:26:43 App is up to date.
2025-06-05 04:01:54 Checking for update using Github
2025-06-05 04:01:55 Success.
2025-06-05 04:01:55 Latest version is 1.8.10
2025-06-05 04:01:55 App is up to date.
2025-06-05 05:01:54 Checking for update using Github
2025-06-05 05:01:55 Success.
2025-06-05 05:01:55 Latest version is 1.8.10
2025-06-05 05:01:55 App is up to date.
2025-06-05 06:27:41 Checking for update using Github
2025-06-05 06:27:42 Success.
2025-06-05 06:27:42 Latest version is 1.8.10
2025-06-05 06:27:42 App is up to date.
2025-06-05 07:27:41 Checking for update using Github
2025-06-05 07:27:42 Success.
2025-06-05 07:27:42 Latest version is 1.8.10
2025-06-05 07:27:42 App is up to date.
2025-06-05 08:27:41 Checking for update using Github
2025-06-05 08:27:42 Success.
2025-06-05 08:27:42 Latest version is 1.8.10
2025-06-05 08:27:42 App is up to date.
2025-06-05 09:27:41 Checking for update using Github
2025-06-05 09:27:42 Success.
2025-06-05 09:27:42 Latest version is 1.8.10
2025-06-05 09:27:42 App is up to date.
2025-06-05 10:27:41 Checking for update using Github
2025-06-05 10:27:42 Success.
2025-06-05 10:27:42 Latest version is 1.8.10
2025-06-05 10:27:42 App is up to date.
2025-06-05 11:27:41 Checking for update using Github
2025-06-05 11:27:42 Success.
2025-06-05 11:27:42 Latest version is 1.8.10
2025-06-05 11:27:42 App is up to date.
2025-06-05 12:27:41 Checking for update using Github
2025-06-05 12:27:42 Success.
2025-06-05 12:27:42 Latest version is 1.8.10
2025-06-05 12:27:42 App is up to date.
2025-06-05 13:27:41 Checking for update using Github
2025-06-05 13:27:42 Success.
2025-06-05 13:27:42 Latest version is 1.8.10
2025-06-05 13:27:42 App is up to date.
